Compiling the C compiler identification source file "CMakeCCompilerId.c" failed.
Compiler: /cygdrive/C/Users/ESCINF/Documents/NetBeansProjects/lab-2-calculo-prestamo-Chaves19/lab-2-calculo-prestamo-Chaves19/nbproject/private/tools/localhost/Cygwin/gcc.exe 
Build flags: 
Id flags:  

The output was:
El sistema no puede encontrar el archivo especificado


Compiling the C compiler identification source file "CMakeCCompilerId.c" failed.
Compiler: /cygdrive/C/Users/ESCINF/Documents/NetBeansProjects/lab-2-calculo-prestamo-Chaves19/lab-2-calculo-prestamo-Chaves19/nbproject/private/tools/localhost/Cygwin/gcc.exe 
Build flags: 
Id flags: -c 

The output was:
El sistema no puede encontrar el archivo especificado


Compiling the C compiler identification source file "CMakeCCompilerId.c" failed.
Compiler: /cygdrive/C/Users/ESCINF/Documents/NetBeansProjects/lab-2-calculo-prestamo-Chaves19/lab-2-calculo-prestamo-Chaves19/nbproject/private/tools/localhost/Cygwin/gcc.exe 
Build flags: 
Id flags: -Aa 

The output was:
El sistema no puede encontrar el archivo especificado


Compiling the C compiler identification source file "CMakeCCompilerId.c" failed.
Compiler: /cygdrive/C/Users/ESCINF/Documents/NetBeansProjects/lab-2-calculo-prestamo-Chaves19/lab-2-calculo-prestamo-Chaves19/nbproject/private/tools/localhost/Cygwin/gcc.exe 
Build flags: 
Id flags: -D__CLASSIC_C__ 

The output was:
El sistema no puede encontrar el archivo especificado


Compiling the C compiler identification source file "CMakeCCompilerId.c" failed.
Compiler: /cygdrive/C/Users/ESCINF/Documents/NetBeansProjects/lab-2-calculo-prestamo-Chaves19/lab-2-calculo-prestamo-Chaves19/nbproject/private/tools/localhost/Cygwin/gcc.exe 
Build flags: 
Id flags: --target=arm-arm-none-eabi;-mcpu=cortex-m3 

The output was:
El sistema no puede encontrar el archivo especificado


Compiling the C compiler identification source file "CMakeCCompilerId.c" failed.
Compiler: /cygdrive/C/Users/ESCINF/Documents/NetBeansProjects/lab-2-calculo-prestamo-Chaves19/lab-2-calculo-prestamo-Chaves19/nbproject/private/tools/localhost/Cygwin/gcc.exe 
Build flags: 
Id flags:  

The output was:
El sistema no puede encontrar el archivo especificado


Compiling the C compiler identification source file "CMakeCCompilerId.c" failed.
Compiler: /cygdrive/C/Users/ESCINF/Documents/NetBeansProjects/lab-2-calculo-prestamo-Chaves19/lab-2-calculo-prestamo-Chaves19/nbproject/private/tools/localhost/Cygwin/gcc.exe 
Build flags: 
Id flags: -c 

The output was:
El sistema no puede encontrar el archivo especificado


Compiling the C compiler identification source file "CMakeCCompilerId.c" failed.
Compiler: /cygdrive/C/Users/ESCINF/Documents/NetBeansProjects/lab-2-calculo-prestamo-Chaves19/lab-2-calculo-prestamo-Chaves19/nbproject/private/tools/localhost/Cygwin/gcc.exe 
Build flags: 
Id flags: -Aa 

The output was:
El sistema no puede encontrar el archivo especificado


Compiling the C compiler identification source file "CMakeCCompilerId.c" failed.
Compiler: /cygdrive/C/Users/ESCINF/Documents/NetBeansProjects/lab-2-calculo-prestamo-Chaves19/lab-2-calculo-prestamo-Chaves19/nbproject/private/tools/localhost/Cygwin/gcc.exe 
Build flags: 
Id flags: -D__CLASSIC_C__ 

The output was:
El sistema no puede encontrar el archivo especificado


Compiling the C compiler identification source file "CMakeCCompilerId.c" failed.
Compiler: /cygdrive/C/Users/ESCINF/Documents/NetBeansProjects/lab-2-calculo-prestamo-Chaves19/lab-2-calculo-prestamo-Chaves19/nbproject/private/tools/localhost/Cygwin/gcc.exe 
Build flags: 
Id flags: --target=arm-arm-none-eabi;-mcpu=cortex-m3 

The output was:
El sistema no puede encontrar el archivo especificado


Checking whether the C compiler is IAR using "" did not match "IAR .+ Compiler":
Checking whether the C compiler is IAR using "" did not match "IAR .+ Compiler":
Compiling the CXX compiler identification source file "CMakeCXXCompilerId.cpp" failed.
Compiler: /cygdrive/C/Users/ESCINF/Documents/NetBeansProjects/lab-2-calculo-prestamo-Chaves19/lab-2-calculo-prestamo-Chaves19/nbproject/private/tools/localhost/Cygwin/g++.exe 
Build flags: 
Id flags:  

The output was:
El sistema no puede encontrar el archivo especificado


Compiling the CXX compiler identification source file "CMakeCXXCompilerId.cpp" failed.
Compiler: /cygdrive/C/Users/ESCINF/Documents/NetBeansProjects/lab-2-calculo-prestamo-Chaves19/lab-2-calculo-prestamo-Chaves19/nbproject/private/tools/localhost/Cygwin/g++.exe 
Build flags: 
Id flags: -c 

The output was:
El sistema no puede encontrar el archivo especificado


Compiling the CXX compiler identification source file "CMakeCXXCompilerId.cpp" failed.
Compiler: /cygdrive/C/Users/ESCINF/Documents/NetBeansProjects/lab-2-calculo-prestamo-Chaves19/lab-2-calculo-prestamo-Chaves19/nbproject/private/tools/localhost/Cygwin/g++.exe 
Build flags: 
Id flags: --c++ 

The output was:
El sistema no puede encontrar el archivo especificado


Compiling the CXX compiler identification source file "CMakeCXXCompilerId.cpp" failed.
Compiler: /cygdrive/C/Users/ESCINF/Documents/NetBeansProjects/lab-2-calculo-prestamo-Chaves19/lab-2-calculo-prestamo-Chaves19/nbproject/private/tools/localhost/Cygwin/g++.exe 
Build flags: 
Id flags: --ec++ 

The output was:
El sistema no puede encontrar el archivo especificado


Compiling the CXX compiler identification source file "CMakeCXXCompilerId.cpp" failed.
Compiler: /cygdrive/C/Users/ESCINF/Documents/NetBeansProjects/lab-2-calculo-prestamo-Chaves19/lab-2-calculo-prestamo-Chaves19/nbproject/private/tools/localhost/Cygwin/g++.exe 
Build flags: 
Id flags: --target=arm-arm-none-eabi;-mcpu=cortex-m3 

The output was:
El sistema no puede encontrar el archivo especificado


Compiling the CXX compiler identification source file "CMakeCXXCompilerId.cpp" failed.
Compiler: /cygdrive/C/Users/ESCINF/Documents/NetBeansProjects/lab-2-calculo-prestamo-Chaves19/lab-2-calculo-prestamo-Chaves19/nbproject/private/tools/localhost/Cygwin/g++.exe 
Build flags: 
Id flags:  

The output was:
El sistema no puede encontrar el archivo especificado


Compiling the CXX compiler identification source file "CMakeCXXCompilerId.cpp" failed.
Compiler: /cygdrive/C/Users/ESCINF/Documents/NetBeansProjects/lab-2-calculo-prestamo-Chaves19/lab-2-calculo-prestamo-Chaves19/nbproject/private/tools/localhost/Cygwin/g++.exe 
Build flags: 
Id flags: -c 

The output was:
El sistema no puede encontrar el archivo especificado


Compiling the CXX compiler identification source file "CMakeCXXCompilerId.cpp" failed.
Compiler: /cygdrive/C/Users/ESCINF/Documents/NetBeansProjects/lab-2-calculo-prestamo-Chaves19/lab-2-calculo-prestamo-Chaves19/nbproject/private/tools/localhost/Cygwin/g++.exe 
Build flags: 
Id flags: --c++ 

The output was:
El sistema no puede encontrar el archivo especificado


Compiling the CXX compiler identification source file "CMakeCXXCompilerId.cpp" failed.
Compiler: /cygdrive/C/Users/ESCINF/Documents/NetBeansProjects/lab-2-calculo-prestamo-Chaves19/lab-2-calculo-prestamo-Chaves19/nbproject/private/tools/localhost/Cygwin/g++.exe 
Build flags: 
Id flags: --ec++ 

The output was:
El sistema no puede encontrar el archivo especificado


Compiling the CXX compiler identification source file "CMakeCXXCompilerId.cpp" failed.
Compiler: /cygdrive/C/Users/ESCINF/Documents/NetBeansProjects/lab-2-calculo-prestamo-Chaves19/lab-2-calculo-prestamo-Chaves19/nbproject/private/tools/localhost/Cygwin/g++.exe 
Build flags: 
Id flags: --target=arm-arm-none-eabi;-mcpu=cortex-m3 

The output was:
El sistema no puede encontrar el archivo especificado


Checking whether the CXX compiler is IAR using "" did not match "IAR .+ Compiler":
Checking whether the CXX compiler is IAR using "" did not match "IAR .+ Compiler":
